<?xml version="1.0" encoding="UTF-8"?>
<!-- Generated by org.testng.reporters.JUnitReportReporter -->
<testsuite hostname="Sanket" failures="0" tests="2" name="TestNG_prac.TestNGGrouping" time="0.010" errors="0" timestamp="2025-04-10T11:35:54 IST" skipped="0">
  <testcase classname="TestNG_prac.TestNGGrouping" name="realme2" time="0.001"/>
  <testcase classname="TestNG_prac.TestNGGrouping" name="realme1" time="0.009"/>
</testsuite> <!-- TestNG_prac.TestNGGrouping -->
