<?xml version="1.0" encoding="UTF-8"?>
<!-- Generated by org.testng.reporters.JUnitReportReporter -->
<testsuite hostname="Sanket" failures="0" tests="1" name="TestNG_prac.TestNGParameters" time="0.010" errors="0" timestamp="2025-04-10T11:26:20 IST" skipped="0">
  <testcase classname="TestNG_prac.TestNGParameters" name="parameter" time="0.010"/>
</testsuite> <!-- TestNG_prac.TestNGParameters -->
