<?xml version="1.0" encoding="UTF-8"?>
<!-- Generated by org.testng.reporters.JUnitReportReporter -->
<testsuite hostname="Sanket" failures="0" tests="3" name="TestNG.dataproviderTESTNG" time="21.920" errors="0" timestamp="2025-04-10T12:32:54 IST" skipped="0">
  <testcase classname="TestNG.dataproviderTESTNG" name="logintest" time="10.006"/>
  <testcase classname="TestNG.dataproviderTESTNG" name="logintest" time="6.340"/>
  <testcase classname="TestNG.dataproviderTESTNG" name="logintest" time="5.574"/>
</testsuite> <!-- TestNG.dataproviderTESTNG -->
