<?xml version="1.0" encoding="UTF-8"?>
<!-- Generated by org.testng.reporters.JUnitReportReporter -->
<testsuite hostname="Sanket" failures="0" tests="2" name="mini_project.TestRunner" time="17.091" errors="0" timestamp="2025-04-14T19:08:27 IST" skipped="0">
  <testcase classname="mini_project.TestRunner" name="runScenario" time="3.402"/>
  <testcase classname="mini_project.TestRunner" name="runScenario" time="13.689"/>
</testsuite> <!-- mini_project.TestRunner -->
