<?xml version="1.0" encoding="UTF-8"?>
<!-- Generated by org.testng.reporters.JUnitReportReporter -->
<testsuite hostname="Sanket" failures="0" tests="6" name="TestNG.groupingTESTNG" time="0.014" errors="0" timestamp="2025-04-09T20:16:29 IST" skipped="0">
  <testcase classname="TestNG.groupingTESTNG" name="vivo1" time="0.001"/>
  <testcase classname="TestNG.groupingTESTNG" name="apple1" time="0.009"/>
  <testcase classname="TestNG.groupingTESTNG" name="lenovo2" time="0.001"/>
  <testcase classname="TestNG.groupingTESTNG" name="apple2" time="0.001"/>
  <testcase classname="TestNG.groupingTESTNG" name="lenovo1" time="0.001"/>
  <testcase classname="TestNG.groupingTESTNG" name="vivo2" time="0.001"/>
</testsuite> <!-- TestNG.groupingTESTNG -->
