<?xml version="1.0" encoding="UTF-8"?>
<!-- Generated by org.testng.reporters.JUnitReportReporter -->
<testsuite hostname="Sanket" failures="0" tests="2" name="TestNG_prac.test_after_before" time="0.008" errors="0" timestamp="2025-04-10T10:53:07 IST" skipped="0">
  <testcase classname="TestNG_prac.test_after_before" name="priority1" time="0.007"/>
  <testcase classname="TestNG_prac.test_after_before" name="priority2" time="0.001"/>
</testsuite> <!-- TestNG_prac.test_after_before -->
