<?xml version="1.0" encoding="UTF-8"?>
<!-- Generated by org.testng.reporters.JUnitReportReporter -->
<testsuite hostname="Sanket" failures="0" tests="3" name="TestNG_prac.TestDataprovider" time="18.629" errors="0" timestamp="2025-04-10T12:33:56 IST" skipped="0">
  <testcase classname="TestNG_prac.TestDataprovider" name="login" time="6.594"/>
  <testcase classname="TestNG_prac.TestDataprovider" name="login" time="5.844"/>
  <testcase classname="TestNG_prac.TestDataprovider" name="login" time="6.191"/>
</testsuite> <!-- TestNG_prac.TestDataprovider -->
